  [1m[35m (212.0ms)[0m  [1m[35mCREATE DATABASE "ninety_nine_cats_development" ENCODING = 'unicode'[0m
  ↳ bin/rails:9
  [1m[35m (74.6ms)[0m  [1m[35mCREATE DATABASE "ninety_nine_cats_test" ENCODING = 'unicode'[0m
  ↳ bin/rails:9
  [1m[35m (9.0ms)[0m  [1m[35mCREATE TABLE "schema_migrations" ("version" character varying NOT NULL PRIMARY KEY)[0m
  ↳ bin/rails:9
  [1m[35m (2.2ms)[0m  [1m[35mCREATE TABLE "ar_internal_metadata" ("key" character varying NOT NULL PRIMARY KEY, "value" character varying, "created_at" timestamp NOT NULL, "updated_at" timestamp NOT NULL)[0m
  ↳ bin/rails:9
  [1m[35m (0.5ms)[0m  [1m[34mSELECT pg_try_advisory_lock(723150122408807205)[0m
  ↳ bin/rails:9
  [1m[35m (0.4ms)[0m  [1m[34mSELECT "schema_migrations"."version" FROM "schema_migrations" ORDER BY "schema_migrations"."version" ASC[0m
  ↳ bin/rails:9
Migrating to CreateCats (20220527204159)
  [1m[35m (0.1ms)[0m  [1m[35mBEGIN[0m
  ↳ bin/rails:9
  [1m[35m (4.1ms)[0m  [1m[35mCREATE TABLE "cats" ("id" bigserial primary key, "birth_date" date NOT NULL, "color" character varying NOT NULL, "name" character varying NOT NULL, "sex" character varying(1) NOT NULL, "description" text NOT NULL, "created_at" timestamp NOT NULL, "updated_at" timestamp NOT NULL)[0m
  ↳ db/migrate/20220527204159_create_cats.rb:3
  [1m[35m (2.1ms)[0m  [1m[35mCREATE  INDEX  "index_cats_on_birth_date" ON "cats"  ("birth_date")[0m
  ↳ db/migrate/20220527204159_create_cats.rb:11
  [1m[36mActiveRecord::SchemaMigration Create (0.5ms)[0m  [1m[32mINSERT INTO "schema_migrations" ("version") VALUES ($1) RETURNING "version"[0m  [["version", "20220527204159"]]
  ↳ bin/rails:9
  [1m[35m (0.3ms)[0m  [1m[35mCOMMIT[0m
  ↳ bin/rails:9
  [1m[36mActiveRecord::InternalMetadata Load (0.3ms)[0m  [1m[34mSELECT  "ar_internal_metadata".* FROM "ar_internal_metadata" WHERE "ar_internal_metadata"."key" = $1 LIMIT $2[0m  [["key", "environment"], ["LIMIT", 1]]
  ↳ bin/rails:9
  [1m[35m (0.1ms)[0m  [1m[35mBEGIN[0m
  ↳ bin/rails:9
  [1m[36mActiveRecord::InternalMetadata Create (0.6ms)[0m  [1m[32mINSERT INTO "ar_internal_metadata" ("key", "value", "created_at", "updated_at") VALUES ($1, $2, $3, $4) RETURNING "key"[0m  [["key", "environment"], ["value", "development"], ["created_at", "2022-05-27 20:54:17.953244"], ["updated_at", "2022-05-27 20:54:17.953244"]]
  ↳ bin/rails:9
  [1m[35m (0.3ms)[0m  [1m[35mCOMMIT[0m
  ↳ bin/rails:9
  [1m[35m (0.2ms)[0m  [1m[34mSELECT pg_advisory_unlock(723150122408807205)[0m
  ↳ bin/rails:9
  [1m[35m (0.2ms)[0m  [1m[34mSELECT "schema_migrations"."version" FROM "schema_migrations" ORDER BY "schema_migrations"."version" ASC[0m
  ↳ bin/rails:9
Started GET "/1" for ::1 at 2022-05-27 14:55:12 -0700
Started GET "/" for 127.0.0.1 at 2022-05-27 14:55:12 -0700

ActiveRecord::NoDatabaseError - connection to server on socket "/tmp/.s.PGSQL.5432" failed: FATAL:  database "ninety_nine_cats_development" does not exist:


ActiveRecord::NoDatabaseError - connection to server on socket "/tmp/.s.PGSQL.5432" failed: FATAL:  database "ninety_nine_cats_development" does not exist:

Started POST "/__better_errors/3226623176012df2/variables" for 127.0.0.1 at 2022-05-27 14:55:12 -0700
Started POST "/__better_errors/eec55bed51d4409e/variables" for ::1 at 2022-05-27 14:55:13 -0700
  [1m[35m (244.7ms)[0m  [1m[35mCREATE DATABASE "ninety_nine_cats_development" ENCODING = 'unicode'[0m
  ↳ bin/rails:9
  [1m[35m (253.1ms)[0m  [1m[35mCREATE DATABASE "ninety_nine_cats_test" ENCODING = 'unicode'[0m
  ↳ bin/rails:9
  [1m[35m (19.7ms)[0m  [1m[35mCREATE TABLE "schema_migrations" ("version" character varying NOT NULL PRIMARY KEY)[0m
  ↳ bin/rails:9
  [1m[35m (9.0ms)[0m  [1m[35mCREATE TABLE "ar_internal_metadata" ("key" character varying NOT NULL PRIMARY KEY, "value" character varying, "created_at" timestamp NOT NULL, "updated_at" timestamp NOT NULL)[0m
  ↳ bin/rails:9
  [1m[35m (1.1ms)[0m  [1m[34mSELECT "schema_migrations"."version" FROM "schema_migrations" ORDER BY "schema_migrations"."version" ASC[0m
  ↳ bin/rails:9
  [1m[35m (1.5ms)[0m  [1m[34mSELECT pg_try_advisory_lock(723150122408807205)[0m
  ↳ bin/rails:9
  [1m[35m (1.2ms)[0m  [1m[34mSELECT "schema_migrations"."version" FROM "schema_migrations" ORDER BY "schema_migrations"."version" ASC[0m
  ↳ bin/rails:9
Migrating to CreateCats (20220527204159)
  [1m[35m (0.2ms)[0m  [1m[35mBEGIN[0m
  ↳ bin/rails:9
  [1m[35m (46.2ms)[0m  [1m[35mCREATE TABLE "cats" ("id" bigserial primary key, "birth_date" date NOT NULL, "color" character varying NOT NULL, "name" character varying NOT NULL, "sex" character varying(1) NOT NULL, "description" text NOT NULL, "created_at" timestamp NOT NULL, "updated_at" timestamp NOT NULL)[0m
  ↳ db/migrate/20220527204159_create_cats.rb:3
  [1m[35m (3.8ms)[0m  [1m[35mCREATE  INDEX  "index_cats_on_birth_date" ON "cats"  ("birth_date")[0m
  ↳ db/migrate/20220527204159_create_cats.rb:11
  [1m[36mActiveRecord::SchemaMigration Create (1.4ms)[0m  [1m[32mINSERT INTO "schema_migrations" ("version") VALUES ($1) RETURNING "version"[0m  [["version", "20220527204159"]]
  ↳ bin/rails:9
  [1m[35m (2.3ms)[0m  [1m[35mCOMMIT[0m
  ↳ bin/rails:9
  [1m[36mActiveRecord::InternalMetadata Load (0.5ms)[0m  [1m[34mSELECT  "ar_internal_metadata".* FROM "ar_internal_metadata" WHERE "ar_internal_metadata"."key" = $1 LIMIT $2[0m  [["key", "environment"], ["LIMIT", 1]]
  ↳ bin/rails:9
  [1m[35m (0.2ms)[0m  [1m[35mBEGIN[0m
  ↳ bin/rails:9
  [1m[36mActiveRecord::InternalMetadata Create (0.9ms)[0m  [1m[32mINSERT INTO "ar_internal_metadata" ("key", "value", "created_at", "updated_at") VALUES ($1, $2, $3, $4) RETURNING "key"[0m  [["key", "environment"], ["value", "development"], ["created_at", "2022-05-27 22:03:02.321064"], ["updated_at", "2022-05-27 22:03:02.321064"]]
  ↳ bin/rails:9
  [1m[35m (7.4ms)[0m  [1m[35mCOMMIT[0m
  ↳ bin/rails:9
  [1m[35m (0.3ms)[0m  [1m[34mSELECT pg_advisory_unlock(723150122408807205)[0m
  ↳ bin/rails:9
  [1m[35m (0.4ms)[0m  [1m[34mSELECT "schema_migrations"."version" FROM "schema_migrations" ORDER BY "schema_migrations"."version" ASC[0m
  ↳ bin/rails:9
  [1m[35m (1.0ms)[0m  [1m[34mSELECT "schema_migrations"."version" FROM "schema_migrations" ORDER BY "schema_migrations"."version" ASC[0m
  ↳ bin/rails:9
  [1m[35m (0.8ms)[0m  [1m[34mSELECT "schema_migrations"."version" FROM "schema_migrations" ORDER BY "schema_migrations"."version" ASC[0m
  ↳ bin/rails:9
  [1m[35m (0.2ms)[0m  [1m[35mBEGIN[0m
  ↳ db/seeds.rb:9
  [1m[35m (0.2ms)[0m  [1m[31mROLLBACK[0m
  ↳ db/seeds.rb:9
  [1m[35m (41.1ms)[0m  [1m[35mBEGIN[0m
  ↳ db/seeds.rb:10
  [1m[35m (2.1ms)[0m  [1m[31mROLLBACK[0m
  ↳ db/seeds.rb:10
  [1m[35m (0.1ms)[0m  [1m[35mBEGIN[0m
  ↳ db/seeds.rb:11
  [1m[35m (0.2ms)[0m  [1m[31mROLLBACK[0m
  ↳ db/seeds.rb:11
  [1m[36mCat Load (1.2ms)[0m  [1m[34mSELECT "cats".* FROM "cats"[0m
  [1m[35m (0.9ms)[0m  [1m[34mSELECT "schema_migrations"."version" FROM "schema_migrations" ORDER BY "schema_migrations"."version" ASC[0m
  ↳ bin/rails:9
  [1m[35m (13.4ms)[0m  [1m[35mBEGIN[0m
  ↳ db/seeds.rb:9
  [1m[36mCat Create (2.3ms)[0m  [1m[32mINSERT INTO "cats" ("birth_date", "color", "name", "sex", "description", "created_at", "updated_at") VALUES ($1, $2, $3, $4, $5, $6, $7) RETURNING "id"[0m  [["birth_date", "2001-02-03"], ["color", "orange"], ["name", "Garfield"], ["sex", "M"], ["description", "Garfield is a lazy cat that likes lasagna"], ["created_at", "2022-05-27 22:06:23.290777"], ["updated_at", "2022-05-27 22:06:23.290777"]]
  ↳ db/seeds.rb:9
  [1m[35m (1.3ms)[0m  [1m[35mCOMMIT[0m
  ↳ db/seeds.rb:9
  [1m[35m (0.1ms)[0m  [1m[35mBEGIN[0m
  ↳ db/seeds.rb:10
  [1m[36mCat Create (0.4ms)[0m  [1m[32mINSERT INTO "cats" ("birth_date", "color", "name", "sex", "description", "created_at", "updated_at") VALUES ($1, $2, $3, $4, $5, $6, $7) RETURNING "id"[0m  [["birth_date", "2002-02-03"], ["color", "black"], ["name", "Luna"], ["sex", "F"], ["description", "Luna likes to go outside"], ["created_at", "2022-05-27 22:06:23.297746"], ["updated_at", "2022-05-27 22:06:23.297746"]]
  ↳ db/seeds.rb:10
  [1m[35m (1.1ms)[0m  [1m[35mCOMMIT[0m
  ↳ db/seeds.rb:10
  [1m[35m (0.1ms)[0m  [1m[35mBEGIN[0m
  ↳ db/seeds.rb:11
  [1m[36mCat Create (0.3ms)[0m  [1m[32mINSERT INTO "cats" ("birth_date", "color", "name", "sex", "description", "created_at", "updated_at") VALUES ($1, $2, $3, $4, $5, $6, $7) RETURNING "id"[0m  [["birth_date", "2003-02-03"], ["color", "red"], ["name", "Tom"], ["sex", "M"], ["description", "Tom likes to chase Jerry"], ["created_at", "2022-05-27 22:06:23.302408"], ["updated_at", "2022-05-27 22:06:23.302408"]]
  ↳ db/seeds.rb:11
  [1m[35m (1.2ms)[0m  [1m[35mCOMMIT[0m
  ↳ db/seeds.rb:11
  [1m[36mCat Load (2.7ms)[0m  [1m[34mSELECT "cats".* FROM "cats"[0m
Started GET "/1" for ::1 at 2022-05-27 15:06:57 -0700
  [1m[35m (1.3ms)[0m  [1m[34mSELECT "schema_migrations"."version" FROM "schema_migrations" ORDER BY "schema_migrations"."version" ASC[0m
  ↳ /Users/evie/.rbenv/versions/2.5.1/lib/ruby/gems/2.5.0/gems/activerecord-5.2.8/lib/active_record/log_subscriber.rb:98
  
ActionController::RoutingError (No route matches [GET] "/1"):
  
actionpack (5.2.8) lib/action_dispatch/middleware/debug_exceptions.rb:65:in `call'
web-console (3.7.0) lib/web_console/middleware.rb:135:in `call_app'
web-console (3.7.0) lib/web_console/middleware.rb:30:in `block in call'
web-console (3.7.0) lib/web_console/middleware.rb:20:in `catch'
web-console (3.7.0) lib/web_console/middleware.rb:20:in `call'
actionpack (5.2.8) lib/action_dispatch/middleware/show_exceptions.rb:33:in `call'
railties (5.2.8) lib/rails/rack/logger.rb:38:in `call_app'
railties (5.2.8) lib/rails/rack/logger.rb:26:in `block in call'
activesupport (5.2.8) lib/active_support/tagged_logging.rb:71:in `block in tagged'
activesupport (5.2.8) lib/active_support/tagged_logging.rb:28:in `tagged'
activesupport (5.2.8) lib/active_support/tagged_logging.rb:71:in `tagged'
railties (5.2.8) lib/rails/rack/logger.rb:26:in `call'
sprockets-rails (3.4.2) lib/sprockets/rails/quiet_assets.rb:13:in `call'
actionpack (5.2.8) lib/action_dispatch/middleware/remote_ip.rb:81:in `call'
actionpack (5.2.8) lib/action_dispatch/middleware/request_id.rb:27:in `call'
rack (2.2.3.1) lib/rack/method_override.rb:24:in `call'
rack (2.2.3.1) lib/rack/runtime.rb:22:in `call'
activesupport (5.2.8) lib/active_support/cache/strategy/local_cache_middleware.rb:29:in `call'
actionpack (5.2.8) lib/action_dispatch/middleware/executor.rb:14:in `call'
actionpack (5.2.8) lib/action_dispatch/middleware/static.rb:127:in `call'
rack (2.2.3.1) lib/rack/sendfile.rb:110:in `call'
railties (5.2.8) lib/rails/engine.rb:524:in `call'
puma (3.12.6) lib/puma/configuration.rb:227:in `call'
puma (3.12.6) lib/puma/server.rb:706:in `handle_request'
puma (3.12.6) lib/puma/server.rb:476:in `process_client'
puma (3.12.6) lib/puma/server.rb:334:in `block in run'
puma (3.12.6) lib/puma/thread_pool.rb:135:in `block in spawn_thread'
Started GET "/" for 127.0.0.1 at 2022-05-27 15:07:07 -0700
Processing by Rails::WelcomeController#index as HTML
  Rendering /Users/evie/.rbenv/versions/2.5.1/lib/ruby/gems/2.5.0/gems/railties-5.2.8/lib/rails/templates/rails/welcome/index.html.erb
  Rendered /Users/evie/.rbenv/versions/2.5.1/lib/ruby/gems/2.5.0/gems/railties-5.2.8/lib/rails/templates/rails/welcome/index.html.erb (4.0ms)
Completed 200 OK in 20ms (Views: 11.9ms | ActiveRecord: 0.0ms)


Started GET "/cats" for 127.0.0.1 at 2022-05-27 15:07:13 -0700
Processing by CatsController#index as HTML
  Rendering cats/index.html.erb within layouts/application
  [1m[36mCat Load (0.9ms)[0m  [1m[34mSELECT "cats".* FROM "cats"[0m
  ↳ app/views/cats/index.html.erb:4
  Rendered cats/_cat.html.erb (1.2ms)
  Rendered cats/_cat.html.erb (4.9ms)
  Rendered cats/_cat.html.erb (0.3ms)
  Rendered cats/index.html.erb within layouts/application (56.0ms)
Completed 200 OK in 3308ms (Views: 3295.9ms | ActiveRecord: 8.5ms)


Started GET "/cats" for ::1 at 2022-05-27 15:07:21 -0700
Processing by CatsController#index as HTML
  Rendering cats/index.html.erb within layouts/application
  [1m[36mCat Load (1.4ms)[0m  [1m[34mSELECT "cats".* FROM "cats"[0m
  ↳ app/views/cats/index.html.erb:4
  Rendered cats/_cat.html.erb (1.3ms)
  Rendered cats/_cat.html.erb (0.3ms)
  Rendered cats/_cat.html.erb (0.3ms)
  Rendered cats/index.html.erb within layouts/application (16.9ms)
Completed 200 OK in 425ms (Views: 422.6ms | ActiveRecord: 1.4ms)


Started GET "/cats" for 127.0.0.1 at 2022-05-27 15:08:22 -0700
Processing by CatsController#index as HTML
  Rendering cats/index.html.erb within layouts/application
  [1m[36mCat Load (1.1ms)[0m  [1m[34mSELECT "cats".* FROM "cats"[0m
  ↳ app/views/cats/index.html.erb:4
  Rendered cats/_cat.html.erb (1.7ms)
  Rendered cats/_cat.html.erb (0.2ms)
  Rendered cats/_cat.html.erb (0.3ms)
  Rendered cats/index.html.erb within layouts/application (272.6ms)
Completed 200 OK in 630ms (Views: 611.3ms | ActiveRecord: 10.9ms)


Started GET "/cats" for ::1 at 2022-05-27 15:08:25 -0700
Processing by CatsController#index as HTML
  Rendering cats/index.html.erb within layouts/application
  [1m[36mCat Load (0.6ms)[0m  [1m[34mSELECT "cats".* FROM "cats"[0m
  ↳ app/views/cats/index.html.erb:4
  Rendered cats/_cat.html.erb (1.4ms)
  Rendered cats/_cat.html.erb (0.3ms)
  Rendered cats/_cat.html.erb (0.3ms)
  Rendered cats/index.html.erb within layouts/application (14.2ms)
Completed 200 OK in 130ms (Views: 127.9ms | ActiveRecord: 0.6ms)


Started GET "/cats" for ::1 at 2022-05-27 15:08:31 -0700
Processing by CatsController#index as HTML
  Rendering cats/index.html.erb within layouts/application
  [1m[36mCat Load (0.6ms)[0m  [1m[34mSELECT "cats".* FROM "cats"[0m
  ↳ app/views/cats/index.html.erb:4
  Rendered cats/_cat.html.erb (0.8ms)
  Rendered cats/_cat.html.erb (0.2ms)
  Rendered cats/_cat.html.erb (0.2ms)
  Rendered cats/index.html.erb within layouts/application (13.0ms)
Completed 200 OK in 59ms (Views: 57.5ms | ActiveRecord: 0.6ms)


Started GET "/cats" for ::1 at 2022-05-27 15:08:33 -0700
Processing by CatsController#index as HTML
  Rendering cats/index.html.erb within layouts/application
  [1m[36mCat Load (0.5ms)[0m  [1m[34mSELECT "cats".* FROM "cats"[0m
  ↳ app/views/cats/index.html.erb:4
  Rendered cats/_cat.html.erb (1.4ms)
  Rendered cats/_cat.html.erb (0.2ms)
  Rendered cats/_cat.html.erb (0.8ms)
  Rendered cats/index.html.erb within layouts/application (15.3ms)
Completed 200 OK in 61ms (Views: 59.7ms | ActiveRecord: 0.5ms)


Started GET "/cats" for 127.0.0.1 at 2022-05-27 15:08:34 -0700
Processing by CatsController#index as HTML
  Rendering cats/index.html.erb within layouts/application
  [1m[36mCat Load (1.0ms)[0m  [1m[34mSELECT "cats".* FROM "cats"[0m
  ↳ app/views/cats/index.html.erb:4
  Rendered cats/_cat.html.erb (0.9ms)
  Rendered cats/_cat.html.erb (0.2ms)
  Rendered cats/_cat.html.erb (0.2ms)
  Rendered cats/index.html.erb within layouts/application (16.1ms)
Completed 200 OK in 67ms (Views: 62.8ms | ActiveRecord: 1.0ms)


Started GET "/cats" for ::1 at 2022-05-27 15:08:34 -0700
Processing by CatsController#index as HTML
  Rendering cats/index.html.erb within layouts/application
  [1m[36mCat Load (1.0ms)[0m  [1m[34mSELECT "cats".* FROM "cats"[0m
  ↳ app/views/cats/index.html.erb:4
  Rendered cats/_cat.html.erb (1.3ms)
  Rendered cats/_cat.html.erb (0.2ms)
  Rendered cats/_cat.html.erb (0.2ms)
  Rendered cats/index.html.erb within layouts/application (12.5ms)
Completed 200 OK in 86ms (Views: 83.8ms | ActiveRecord: 1.0ms)


Started GET "/cats" for ::1 at 2022-05-27 15:08:35 -0700
Processing by CatsController#index as HTML
  Rendering cats/index.html.erb within layouts/application
  [1m[36mCat Load (0.8ms)[0m  [1m[34mSELECT "cats".* FROM "cats"[0m
  ↳ app/views/cats/index.html.erb:4
  Rendered cats/_cat.html.erb (0.7ms)
  Rendered cats/_cat.html.erb (0.3ms)
  Rendered cats/_cat.html.erb (0.3ms)
  Rendered cats/index.html.erb within layouts/application (15.0ms)
Completed 200 OK in 47ms (Views: 46.0ms | ActiveRecord: 0.8ms)


Started GET "/cats" for ::1 at 2022-05-27 15:08:36 -0700
Processing by CatsController#index as HTML
  Rendering cats/index.html.erb within layouts/application
  [1m[36mCat Load (0.7ms)[0m  [1m[34mSELECT "cats".* FROM "cats"[0m
  ↳ app/views/cats/index.html.erb:4
  Rendered cats/_cat.html.erb (0.6ms)
  Rendered cats/_cat.html.erb (0.2ms)
  Rendered cats/_cat.html.erb (0.2ms)
  Rendered cats/index.html.erb within layouts/application (19.3ms)
Completed 200 OK in 54ms (Views: 52.6ms | ActiveRecord: 0.7ms)


Started GET "/cats" for 127.0.0.1 at 2022-05-27 15:08:38 -0700
Processing by CatsController#index as HTML
  Rendering cats/index.html.erb within layouts/application
  [1m[36mCat Load (1.3ms)[0m  [1m[34mSELECT "cats".* FROM "cats"[0m
  ↳ app/views/cats/index.html.erb:4
  Rendered cats/_cat.html.erb (1.0ms)
  Rendered cats/_cat.html.erb (0.2ms)
  Rendered cats/_cat.html.erb (0.2ms)
  Rendered cats/index.html.erb within layouts/application (11.8ms)
Completed 200 OK in 49ms (Views: 46.3ms | ActiveRecord: 1.3ms)


Started GET "/cats" for 127.0.0.1 at 2022-05-27 15:08:39 -0700
Processing by CatsController#index as HTML
  Rendering cats/index.html.erb within layouts/application
  [1m[36mCat Load (0.4ms)[0m  [1m[34mSELECT "cats".* FROM "cats"[0m
  ↳ app/views/cats/index.html.erb:4
  Rendered cats/_cat.html.erb (0.9ms)
  Rendered cats/_cat.html.erb (0.3ms)
  Rendered cats/_cat.html.erb (1.9ms)
  Rendered cats/index.html.erb within layouts/application (27.6ms)
Started GET "/cats" for 127.0.0.1 at 2022-05-27 15:08:39 -0700
Processing by CatsController#index as HTML
  Rendering cats/index.html.erb within layouts/application
  [1m[36mCat Load (0.7ms)[0m  [1m[34mSELECT "cats".* FROM "cats"[0m
  ↳ app/views/cats/index.html.erb:4
  Rendered cats/_cat.html.erb (0.9ms)
  Rendered cats/_cat.html.erb (0.2ms)
  Rendered cats/_cat.html.erb (0.2ms)
  Rendered cats/index.html.erb within layouts/application (14.5ms)
Completed 200 OK in 73ms (Views: 71.9ms | ActiveRecord: 0.7ms)


Completed 200 OK in 221ms (Views: 219.7ms | ActiveRecord: 0.4ms)


Started GET "/cats" for 127.0.0.1 at 2022-05-27 15:08:39 -0700
Processing by CatsController#index as HTML
  Rendering cats/index.html.erb within layouts/application
  [1m[36mCat Load (0.3ms)[0m  [1m[34mSELECT "cats".* FROM "cats"[0m
  ↳ app/views/cats/index.html.erb:4
  Rendered cats/_cat.html.erb (0.8ms)
  Rendered cats/_cat.html.erb (0.3ms)
  Rendered cats/_cat.html.erb (0.3ms)
  Rendered cats/index.html.erb within layouts/application (24.4ms)
Started GET "/cats" for 127.0.0.1 at 2022-05-27 15:08:39 -0700
Processing by CatsController#index as HTML
  Rendering cats/index.html.erb within layouts/application
  [1m[36mCat Load (0.3ms)[0m  [1m[34mSELECT "cats".* FROM "cats"[0m
  ↳ app/views/cats/index.html.erb:4
  Rendered cats/_cat.html.erb (1.0ms)
  Rendered cats/_cat.html.erb (0.3ms)
  Rendered cats/_cat.html.erb (0.2ms)
  Rendered cats/index.html.erb within layouts/application (16.6ms)
Started GET "/cats" for 127.0.0.1 at 2022-05-27 15:08:39 -0700
Processing by CatsController#index as HTML
Completed 200 OK in 239ms (Views: 238.3ms | ActiveRecord: 0.3ms)


Completed 200 OK in 64ms (Views: 61.8ms | ActiveRecord: 0.3ms)


  Rendering cats/index.html.erb within layouts/application
  [1m[36mCat Load (0.7ms)[0m  [1m[34mSELECT "cats".* FROM "cats"[0m
  ↳ app/views/cats/index.html.erb:4
  Rendered cats/_cat.html.erb (1.0ms)
  Rendered cats/_cat.html.erb (0.2ms)
  Rendered cats/_cat.html.erb (0.3ms)
  Rendered cats/index.html.erb within layouts/application (35.6ms)
Completed 200 OK in 191ms (Views: 174.5ms | ActiveRecord: 0.7ms)


Started GET "/cats" for ::1 at 2022-05-27 15:09:04 -0700
Processing by CatsController#index as HTML
  Rendering cats/index.html.erb within layouts/application
  [1m[36mCat Load (0.4ms)[0m  [1m[34mSELECT "cats".* FROM "cats"[0m
  ↳ app/views/cats/index.html.erb:4
  Rendered cats/_cat.html.erb (1.1ms)
  Rendered cats/_cat.html.erb (0.3ms)
  Rendered cats/_cat.html.erb (0.2ms)
  Rendered cats/index.html.erb within layouts/application (20.4ms)
Completed 200 OK in 170ms (Views: 168.1ms | ActiveRecord: 0.4ms)


Started GET "/cats" for ::1 at 2022-05-27 15:10:47 -0700
Processing by CatsController#index as HTML
  Rendering cats/index.html.erb within layouts/application
  [1m[36mCat Load (0.6ms)[0m  [1m[34mSELECT "cats".* FROM "cats"[0m
  ↳ app/views/cats/index.html.erb:4
  Rendered cats/_cat.html.erb (0.8ms)
  Rendered cats/_cat.html.erb (0.2ms)
  Rendered cats/_cat.html.erb (0.3ms)
  Rendered cats/index.html.erb within layouts/application (11.1ms)
Completed 200 OK in 61ms (Views: 60.3ms | ActiveRecord: 0.6ms)


Started GET "/cats" for 127.0.0.1 at 2022-05-27 15:10:52 -0700
Processing by CatsController#index as HTML
  Rendering cats/index.html.erb within layouts/application
  [1m[36mCat Load (0.4ms)[0m  [1m[34mSELECT "cats".* FROM "cats"[0m
  ↳ app/views/cats/index.html.erb:4
  Rendered cats/_cat.html.erb (1.0ms)
  Rendered cats/_cat.html.erb (0.2ms)
  Rendered cats/_cat.html.erb (0.3ms)
  Rendered cats/index.html.erb within layouts/application (21.9ms)
Completed 200 OK in 88ms (Views: 87.2ms | ActiveRecord: 0.4ms)


Started GET "/cats" for 127.0.0.1 at 2022-05-27 15:11:17 -0700
Processing by CatsController#index as HTML
  Rendering cats/index.html.erb within layouts/application
  [1m[36mCat Load (0.9ms)[0m  [1m[34mSELECT "cats".* FROM "cats"[0m
  ↳ app/views/cats/index.html.erb:4
  Rendered cats/_cat.html.erb (1.1ms)
  Rendered cats/_cat.html.erb (0.2ms)
  Rendered cats/_cat.html.erb (0.4ms)
  Rendered cats/index.html.erb within layouts/application (13.9ms)
Completed 200 OK in 58ms (Views: 56.1ms | ActiveRecord: 0.9ms)


Started GET "/cats/1" for ::1 at 2022-05-27 15:12:38 -0700

AbstractController::ActionNotFound - The action 'show' could not be found for CatsController:

Started POST "/__better_errors/d7ae46b23f90495c/variables" for ::1 at 2022-05-27 15:12:39 -0700
Started GET "/cats" for ::1 at 2022-05-27 15:12:50 -0700
Processing by CatsController#index as HTML
  Rendering cats/index.html.erb within layouts/application
  [1m[36mCat Load (1.0ms)[0m  [1m[34mSELECT "cats".* FROM "cats"[0m
  ↳ app/views/cats/index.html.erb:4
  Rendered cats/_cat.html.erb (0.7ms)
  Rendered cats/_cat.html.erb (0.4ms)
  Rendered cats/_cat.html.erb (0.3ms)
  Rendered cats/index.html.erb within layouts/application (32.4ms)
Completed 200 OK in 266ms (Views: 263.8ms | ActiveRecord: 1.0ms)


Started GET "/cats" for ::1 at 2022-05-27 15:15:11 -0700
Processing by CatsController#index as HTML
  Rendering cats/index.html.erb within layouts/application
  [1m[36mCat Load (0.3ms)[0m  [1m[34mSELECT "cats".* FROM "cats"[0m
  ↳ app/views/cats/index.html.erb:4
  Rendered cats/_cat.html.erb (0.8ms)
  Rendered cats/_cat.html.erb (0.2ms)
  Rendered cats/_cat.html.erb (0.3ms)
  Rendered cats/index.html.erb within layouts/application (19.1ms)
Completed 200 OK in 81ms (Views: 79.9ms | ActiveRecord: 0.3ms)


Started GET "/cats" for 127.0.0.1 at 2022-05-27 15:15:12 -0700
Processing by CatsController#index as HTML
  Rendering cats/index.html.erb within layouts/application
  [1m[36mCat Load (0.9ms)[0m  [1m[34mSELECT "cats".* FROM "cats"[0m
  ↳ app/views/cats/index.html.erb:4
  Rendered cats/_cat.html.erb (0.9ms)
  Rendered cats/_cat.html.erb (0.4ms)
  Rendered cats/_cat.html.erb (0.3ms)
  Rendered cats/index.html.erb within layouts/application (16.7ms)
Completed 200 OK in 508ms (Views: 506.6ms | ActiveRecord: 0.9ms)


Started GET "/cats/1" for ::1 at 2022-05-27 15:15:16 -0700

AbstractController::ActionNotFound - The action 'show' could not be found for CatsController:

Started POST "/__better_errors/f3204ef01ff2e829/variables" for ::1 at 2022-05-27 15:15:16 -0700
Started GET "/cats/1" for 127.0.0.1 at 2022-05-27 15:15:16 -0700

AbstractController::ActionNotFound - The action 'show' could not be found for CatsController:

Started POST "/__better_errors/3138752eaf520a37/variables" for 127.0.0.1 at 2022-05-27 15:15:17 -0700
Started GET "/cats" for ::1 at 2022-05-27 15:15:19 -0700
Processing by CatsController#index as HTML
  Rendering cats/index.html.erb within layouts/application
  [1m[36mCat Load (0.9ms)[0m  [1m[34mSELECT "cats".* FROM "cats"[0m
  ↳ app/views/cats/index.html.erb:4
  Rendered cats/_cat.html.erb (0.9ms)
  Rendered cats/_cat.html.erb (0.2ms)
  Rendered cats/_cat.html.erb (0.2ms)
  Rendered cats/index.html.erb within layouts/application (17.9ms)
Completed 200 OK in 59ms (Views: 57.7ms | ActiveRecord: 0.9ms)


Started GET "/cats/1" for ::1 at 2022-05-27 15:15:24 -0700

AbstractController::ActionNotFound - The action 'show' could not be found for CatsController:

Started POST "/__better_errors/d4486ce69fd79681/variables" for ::1 at 2022-05-27 15:15:24 -0700
Started GET "/cats" for ::1 at 2022-05-27 15:23:25 -0700
Processing by CatsController#index as HTML
  Rendering cats/index.html.erb within layouts/application
  [1m[36mCat Load (2.6ms)[0m  [1m[34mSELECT "cats".* FROM "cats"[0m
  ↳ app/views/cats/index.html.erb:4
  Rendered cats/_cat.html.erb (23.8ms)
  Rendered cats/index.html.erb within layouts/application (203.4ms)
Completed 500 Internal Server Error in 232ms (ActiveRecord: 85.3ms)



ActionController::UrlGenerationError - No route matches {:action=>"show", :controller=>"cats", :id=>nil}, missing required keys: [:id]:
  app/views/cats/_cat.html.erb:4:in `_app_views_cats__cat_html_erb__1587807414195623577_70183322841800'
  app/views/cats/index.html.erb:7:in `block in _app_views_cats_index_html_erb___3233470695976083320_70183303776380'
  app/views/cats/index.html.erb:4:in `_app_views_cats_index_html_erb___3233470695976083320_70183303776380'
  app/controllers/cats_controller.rb:4:in `index'

Started POST "/__better_errors/b35aa22c8c808677/variables" for ::1 at 2022-05-27 15:23:27 -0700
Started GET "/cats/1" for 127.0.0.1 at 2022-05-27 15:23:27 -0700
Processing by CatsController#show as HTML
  Parameters: {"id"=>"1"}
  [1m[36mCat Load (179.8ms)[0m  [1m[34mSELECT  "cats".* FROM "cats" WHERE "cats"."id" = $1 LIMIT $2[0m  [["id", 1], ["LIMIT", 1]]
  ↳ app/controllers/cats_controller.rb:8
  Rendering cats/show.html.erb within layouts/application
  Rendered cats/show.html.erb within layouts/application (1.6ms)
Completed 200 OK in 1216ms (Views: 757.6ms | ActiveRecord: 180.1ms)


Started GET "/cats/1" for 127.0.0.1 at 2022-05-27 15:23:45 -0700
Processing by CatsController#show as HTML
  Parameters: {"id"=>"1"}
  [1m[36mCat Load (1.4ms)[0m  [1m[34mSELECT  "cats".* FROM "cats" WHERE "cats"."id" = $1 LIMIT $2[0m  [["id", 1], ["LIMIT", 1]]
  ↳ app/controllers/cats_controller.rb:8
  Rendering cats/show.html.erb within layouts/application
  Rendered cats/show.html.erb within layouts/application (0.4ms)
Completed 200 OK in 36ms (Views: 30.6ms | ActiveRecord: 1.4ms)


Started GET "/cats" for 127.0.0.1 at 2022-05-27 15:23:47 -0700
Processing by CatsController#index as HTML
  Rendering cats/index.html.erb within layouts/application
  [1m[36mCat Load (0.4ms)[0m  [1m[34mSELECT "cats".* FROM "cats"[0m
  ↳ app/views/cats/index.html.erb:4
  Rendered cats/_cat.html.erb (16.5ms)
  Rendered cats/index.html.erb within layouts/application (25.7ms)
Completed 500 Internal Server Error in 38ms (ActiveRecord: 0.4ms)



ActionController::UrlGenerationError - No route matches {:action=>"show", :controller=>"cats", :id=>nil}, missing required keys: [:id]:
  app/views/cats/_cat.html.erb:4:in `_app_views_cats__cat_html_erb__1587807414195623577_70183263589500'
  app/views/cats/index.html.erb:7:in `block in _app_views_cats_index_html_erb___3233470695976083320_70183267204840'
  app/views/cats/index.html.erb:4:in `_app_views_cats_index_html_erb___3233470695976083320_70183267204840'
  app/controllers/cats_controller.rb:4:in `index'

Started POST "/__better_errors/fabe346b220ff459/variables" for 127.0.0.1 at 2022-05-27 15:23:48 -0700
Started GET "/cats/1" for ::1 at 2022-05-27 15:23:52 -0700
Processing by CatsController#show as HTML
  Parameters: {"id"=>"1"}
  [1m[36mCat Load (1.4ms)[0m  [1m[34mSELECT  "cats".* FROM "cats" WHERE "cats"."id" = $1 LIMIT $2[0m  [["id", 1], ["LIMIT", 1]]
  ↳ app/controllers/cats_controller.rb:8
  Rendering cats/show.html.erb within layouts/application
  Rendered cats/show.html.erb within layouts/application (1.1ms)
Completed 200 OK in 50ms (Views: 45.7ms | ActiveRecord: 1.4ms)


Started GET "/cats" for 127.0.0.1 at 2022-05-27 15:24:12 -0700
Processing by CatsController#index as HTML
  Rendering cats/index.html.erb within layouts/application
  [1m[36mCat Load (1.2ms)[0m  [1m[34mSELECT "cats".* FROM "cats"[0m
  ↳ app/views/cats/index.html.erb:4
  Rendered cats/_cat.html.erb (3.1ms)
  Rendered cats/_cat.html.erb (0.3ms)
  Rendered cats/_cat.html.erb (0.3ms)
  Rendered cats/index.html.erb within layouts/application (33.4ms)
Completed 200 OK in 224ms (Views: 221.6ms | ActiveRecord: 1.2ms)


Started GET "/cats" for ::1 at 2022-05-27 15:24:15 -0700
Processing by CatsController#index as HTML
  Rendering cats/index.html.erb within layouts/application
  [1m[36mCat Load (1.1ms)[0m  [1m[34mSELECT "cats".* FROM "cats"[0m
  ↳ app/views/cats/index.html.erb:4
  Rendered cats/_cat.html.erb (0.8ms)
  Rendered cats/_cat.html.erb (0.4ms)
  Rendered cats/_cat.html.erb (1.2ms)
  Rendered cats/index.html.erb within layouts/application (16.1ms)
Completed 200 OK in 224ms (Views: 222.1ms | ActiveRecord: 1.1ms)


Started GET "/cats/1" for ::1 at 2022-05-27 15:24:19 -0700
Processing by CatsController#show as HTML
  Parameters: {"id"=>"1"}
  [1m[36mCat Load (0.6ms)[0m  [1m[34mSELECT  "cats".* FROM "cats" WHERE "cats"."id" = $1 LIMIT $2[0m  [["id", 1], ["LIMIT", 1]]
  ↳ app/controllers/cats_controller.rb:8
  Rendering cats/show.html.erb within layouts/application
  Rendered cats/show.html.erb within layouts/application (0.6ms)
Completed 200 OK in 45ms (Views: 42.3ms | ActiveRecord: 0.6ms)


Started GET "/cats/1" for 127.0.0.1 at 2022-05-27 15:24:22 -0700
Processing by CatsController#show as HTML
  Parameters: {"id"=>"1"}
  [1m[36mCat Load (1.2ms)[0m  [1m[34mSELECT  "cats".* FROM "cats" WHERE "cats"."id" = $1 LIMIT $2[0m  [["id", 1], ["LIMIT", 1]]
  ↳ app/controllers/cats_controller.rb:8
  Rendering cats/show.html.erb within layouts/application
  Rendered cats/show.html.erb within layouts/application (0.5ms)
Completed 200 OK in 37ms (Views: 33.7ms | ActiveRecord: 1.2ms)


Started GET "/cats/1" for 127.0.0.1 at 2022-05-27 15:24:30 -0700
Processing by CatsController#show as HTML
  Parameters: {"id"=>"1"}
  [1m[36mCat Load (1.2ms)[0m  [1m[34mSELECT  "cats".* FROM "cats" WHERE "cats"."id" = $1 LIMIT $2[0m  [["id", 1], ["LIMIT", 1]]
  ↳ app/controllers/cats_controller.rb:8
  Rendering cats/show.html.erb within layouts/application
  Rendered cats/show.html.erb within layouts/application (0.4ms)
Completed 200 OK in 34ms (Views: 31.9ms | ActiveRecord: 1.2ms)


Started GET "/cats/1" for 127.0.0.1 at 2022-05-27 15:24:32 -0700
Processing by CatsController#show as HTML
  Parameters: {"id"=>"1"}
  [1m[36mCat Load (1.0ms)[0m  [1m[34mSELECT  "cats".* FROM "cats" WHERE "cats"."id" = $1 LIMIT $2[0m  [["id", 1], ["LIMIT", 1]]
  ↳ app/controllers/cats_controller.rb:8
  Rendering cats/show.html.erb within layouts/application
  Rendered cats/show.html.erb within layouts/application (0.4ms)
Completed 200 OK in 173ms (Views: 170.2ms | ActiveRecord: 1.0ms)


Started GET "/cats/2" for 127.0.0.1 at 2022-05-27 15:24:37 -0700
Processing by CatsController#show as HTML
  Parameters: {"id"=>"2"}
  [1m[36mCat Load (0.8ms)[0m  [1m[34mSELECT  "cats".* FROM "cats" WHERE "cats"."id" = $1 LIMIT $2[0m  [["id", 2], ["LIMIT", 1]]
  ↳ app/controllers/cats_controller.rb:8
  Rendering cats/show.html.erb within layouts/application
  Rendered cats/show.html.erb within layouts/application (2.1ms)
Completed 200 OK in 75ms (Views: 72.0ms | ActiveRecord: 0.8ms)


Started GET "/cats/3" for ::1 at 2022-05-27 15:26:10 -0700
Processing by CatsController#show as HTML
  Parameters: {"id"=>"3"}
  [1m[36mCat Load (1.7ms)[0m  [1m[34mSELECT  "cats".* FROM "cats" WHERE "cats"."id" = $1 LIMIT $2[0m  [["id", 3], ["LIMIT", 1]]
  ↳ app/controllers/cats_controller.rb:8
  Rendering cats/show.html.erb within layouts/application
  Rendered cats/show.html.erb within layouts/application (0.8ms)
Completed 200 OK in 61ms (Views: 57.3ms | ActiveRecord: 1.7ms)


Started GET "/cats/1" for ::1 at 2022-05-27 15:26:13 -0700
Processing by CatsController#show as HTML
  Parameters: {"id"=>"1"}
  [1m[36mCat Load (1.1ms)[0m  [1m[34mSELECT  "cats".* FROM "cats" WHERE "cats"."id" = $1 LIMIT $2[0m  [["id", 1], ["LIMIT", 1]]
  ↳ app/controllers/cats_controller.rb:8
  Rendering cats/show.html.erb within layouts/application
  Rendered cats/show.html.erb within layouts/application (1.2ms)
Completed 200 OK in 50ms (Views: 46.9ms | ActiveRecord: 1.1ms)


Started GET "/cats/1" for ::1 at 2022-05-27 15:26:16 -0700
Processing by CatsController#show as HTML
  Parameters: {"id"=>"1"}
  [1m[36mCat Load (0.6ms)[0m  [1m[34mSELECT  "cats".* FROM "cats" WHERE "cats"."id" = $1 LIMIT $2[0m  [["id", 1], ["LIMIT", 1]]
  ↳ app/controllers/cats_controller.rb:8
  Rendering cats/show.html.erb within layouts/application
  Rendered cats/show.html.erb within layouts/application (2.1ms)
Completed 200 OK in 86ms (Views: 82.9ms | ActiveRecord: 0.6ms)


Started GET "/cats/1" for ::1 at 2022-05-27 15:26:18 -0700
Processing by CatsController#show as HTML
  Parameters: {"id"=>"1"}
  [1m[36mCat Load (2.3ms)[0m  [1m[34mSELECT  "cats".* FROM "cats" WHERE "cats"."id" = $1 LIMIT $2[0m  [["id", 1], ["LIMIT", 1]]
  ↳ app/controllers/cats_controller.rb:8
  Rendering cats/show.html.erb within layouts/application
  Rendered cats/show.html.erb within layouts/application (0.9ms)
Completed 200 OK in 41ms (Views: 36.1ms | ActiveRecord: 2.3ms)


Started GET "/cats/1" for ::1 at 2022-05-27 15:26:22 -0700
Processing by CatsController#show as HTML
  Parameters: {"id"=>"1"}
  [1m[36mCat Load (2.7ms)[0m  [1m[34mSELECT  "cats".* FROM "cats" WHERE "cats"."id" = $1 LIMIT $2[0m  [["id", 1], ["LIMIT", 1]]
  ↳ app/controllers/cats_controller.rb:8
  Rendering cats/show.html.erb within layouts/application
  Rendered cats/show.html.erb within layouts/application (0.4ms)
Completed 200 OK in 43ms (Views: 38.9ms | ActiveRecord: 2.7ms)


Started GET "/cats/1" for ::1 at 2022-05-27 15:26:25 -0700
Processing by CatsController#show as HTML
  Parameters: {"id"=>"1"}
  [1m[36mCat Load (0.9ms)[0m  [1m[34mSELECT  "cats".* FROM "cats" WHERE "cats"."id" = $1 LIMIT $2[0m  [["id", 1], ["LIMIT", 1]]
  ↳ app/controllers/cats_controller.rb:8
  Rendering cats/show.html.erb within layouts/application
  Rendered cats/show.html.erb within layouts/application (0.5ms)
Completed 200 OK in 39ms (Views: 36.5ms | ActiveRecord: 0.9ms)


Started GET "/cats" for ::1 at 2022-05-27 15:26:47 -0700
Processing by CatsController#index as HTML
  Rendering cats/index.html.erb within layouts/application
  [1m[36mCat Load (0.8ms)[0m  [1m[34mSELECT "cats".* FROM "cats"[0m
  ↳ app/views/cats/index.html.erb:4
  Rendered cats/_cat.html.erb (1.0ms)
  Rendered cats/_cat.html.erb (0.8ms)
  Rendered cats/_cat.html.erb (0.4ms)
  Rendered cats/index.html.erb within layouts/application (17.1ms)
Completed 200 OK in 65ms (Views: 63.1ms | ActiveRecord: 0.8ms)


Started GET "/cats/1" for ::1 at 2022-05-27 15:26:50 -0700
Processing by CatsController#show as HTML
  Parameters: {"id"=>"1"}
  [1m[36mCat Load (2.2ms)[0m  [1m[34mSELECT  "cats".* FROM "cats" WHERE "cats"."id" = $1 LIMIT $2[0m  [["id", 1], ["LIMIT", 1]]
  ↳ app/controllers/cats_controller.rb:8
  Rendering cats/show.html.erb within layouts/application
  Rendered cats/_cat.html.erb (1.0ms)
  Rendered cats/show.html.erb within layouts/application (4.9ms)
Completed 200 OK in 49ms (Views: 45.3ms | ActiveRecord: 2.2ms)


Started GET "/cats" for 127.0.0.1 at 2022-05-27 15:26:54 -0700
Processing by CatsController#index as HTML
  Rendering cats/index.html.erb within layouts/application
  [1m[36mCat Load (0.4ms)[0m  [1m[34mSELECT "cats".* FROM "cats"[0m
  ↳ app/views/cats/index.html.erb:4
  Rendered cats/_cat.html.erb (0.6ms)
  Rendered cats/_cat.html.erb (0.2ms)
  Rendered cats/_cat.html.erb (0.3ms)
  Rendered cats/index.html.erb within layouts/application (10.4ms)
Completed 200 OK in 61ms (Views: 59.5ms | ActiveRecord: 0.4ms)


Started GET "/cats/1" for 127.0.0.1 at 2022-05-27 15:26:56 -0700
Processing by CatsController#show as HTML
  Parameters: {"id"=>"1"}
  [1m[36mCat Load (0.9ms)[0m  [1m[34mSELECT  "cats".* FROM "cats" WHERE "cats"."id" = $1 LIMIT $2[0m  [["id", 1], ["LIMIT", 1]]
  ↳ app/controllers/cats_controller.rb:8
  Rendering cats/show.html.erb within layouts/application
  Rendered cats/_cat.html.erb (2.3ms)
  Rendered cats/show.html.erb within layouts/application (5.2ms)
Completed 200 OK in 39ms (Views: 36.9ms | ActiveRecord: 0.9ms)


Started GET "/cats" for 127.0.0.1 at 2022-05-27 15:26:58 -0700
Processing by CatsController#index as HTML
  Rendering cats/index.html.erb within layouts/application
  [1m[36mCat Load (0.3ms)[0m  [1m[34mSELECT "cats".* FROM "cats"[0m
  ↳ app/views/cats/index.html.erb:4
  Rendered cats/_cat.html.erb (0.9ms)
  Rendered cats/_cat.html.erb (0.2ms)
  Rendered cats/_cat.html.erb (0.4ms)
  Rendered cats/index.html.erb within layouts/application (17.9ms)
Completed 200 OK in 50ms (Views: 49.4ms | ActiveRecord: 0.3ms)


Started GET "/cats" for ::1 at 2022-05-27 15:27:01 -0700
Processing by CatsController#index as HTML
  Rendering cats/index.html.erb within layouts/application
  [1m[36mCat Load (1.5ms)[0m  [1m[34mSELECT "cats".* FROM "cats"[0m
  ↳ app/views/cats/index.html.erb:4
  Rendered cats/_cat.html.erb (2.0ms)
  Rendered cats/_cat.html.erb (0.3ms)
  Rendered cats/_cat.html.erb (0.3ms)
  Rendered cats/index.html.erb within layouts/application (20.8ms)
Completed 200 OK in 63ms (Views: 61.0ms | ActiveRecord: 1.5ms)


Started GET "/cats/1" for ::1 at 2022-05-27 15:27:02 -0700
Processing by CatsController#show as HTML
  Parameters: {"id"=>"1"}
  [1m[36mCat Load (1.5ms)[0m  [1m[34mSELECT  "cats".* FROM "cats" WHERE "cats"."id" = $1 LIMIT $2[0m  [["id", 1], ["LIMIT", 1]]
  ↳ app/controllers/cats_controller.rb:8
  Rendering cats/show.html.erb within layouts/application
Started GET "/cats/1" for 127.0.0.1 at 2022-05-27 15:27:02 -0700
  Rendered cats/_cat.html.erb (1.2ms)
  Rendered cats/show.html.erb within layouts/application (12.4ms)
Processing by CatsController#show as HTML
  Parameters: {"id"=>"1"}
  [1m[36mCat Load (1.4ms)[0m  [1m[34mSELECT  "cats".* FROM "cats" WHERE "cats"."id" = $1 LIMIT $2[0m  [["id", 1], ["LIMIT", 1]]
  ↳ app/controllers/cats_controller.rb:8
  Rendering cats/show.html.erb within layouts/application
  Rendered cats/_cat.html.erb (1.0ms)
  Rendered cats/show.html.erb within layouts/application (5.1ms)
Completed 200 OK in 87ms (Views: 82.6ms | ActiveRecord: 1.5ms)


Completed 200 OK in 64ms (Views: 58.4ms | ActiveRecord: 2.1ms)


Started GET "/cats" for ::1 at 2022-05-27 15:27:04 -0700
Processing by CatsController#index as HTML
  Rendering cats/index.html.erb within layouts/application
  [1m[36mCat Load (0.6ms)[0m  [1m[34mSELECT "cats".* FROM "cats"[0m
  ↳ app/views/cats/index.html.erb:4
  Rendered cats/_cat.html.erb (1.0ms)
  Rendered cats/_cat.html.erb (0.3ms)
  Rendered cats/_cat.html.erb (0.4ms)
  Rendered cats/index.html.erb within layouts/application (14.9ms)
Completed 200 OK in 71ms (Views: 67.9ms | ActiveRecord: 0.6ms)


Started GET "/cats/1" for ::1 at 2022-05-27 15:27:05 -0700
Processing by CatsController#show as HTML
  Parameters: {"id"=>"1"}
  [1m[36mCat Load (0.9ms)[0m  [1m[34mSELECT  "cats".* FROM "cats" WHERE "cats"."id" = $1 LIMIT $2[0m  [["id", 1], ["LIMIT", 1]]
  ↳ app/controllers/cats_controller.rb:8
  Rendering cats/show.html.erb within layouts/application
  Rendered cats/_cat.html.erb (0.9ms)
  Rendered cats/show.html.erb within layouts/application (4.1ms)
Completed 200 OK in 39ms (Views: 35.7ms | ActiveRecord: 0.9ms)


Started GET "/cats" for 127.0.0.1 at 2022-05-27 15:27:06 -0700
Processing by CatsController#index as HTML
  Rendering cats/index.html.erb within layouts/application
  [1m[36mCat Load (0.4ms)[0m  [1m[34mSELECT "cats".* FROM "cats"[0m
  ↳ app/views/cats/index.html.erb:4
  Rendered cats/_cat.html.erb (0.9ms)
  Rendered cats/_cat.html.erb (0.3ms)
  Rendered cats/_cat.html.erb (0.3ms)
  Rendered cats/index.html.erb within layouts/application (13.1ms)
Completed 200 OK in 47ms (Views: 45.6ms | ActiveRecord: 0.4ms)


Started GET "/cats/3" for 127.0.0.1 at 2022-05-27 15:27:07 -0700
Processing by CatsController#show as HTML
  Parameters: {"id"=>"3"}
  [1m[36mCat Load (1.3ms)[0m  [1m[34mSELECT  "cats".* FROM "cats" WHERE "cats"."id" = $1 LIMIT $2[0m  [["id", 3], ["LIMIT", 1]]
  ↳ app/controllers/cats_controller.rb:8
  Rendering cats/show.html.erb within layouts/application
  Rendered cats/_cat.html.erb (1.0ms)
  Rendered cats/show.html.erb within layouts/application (4.3ms)
Completed 200 OK in 39ms (Views: 35.8ms | ActiveRecord: 1.3ms)


Started GET "/cats" for ::1 at 2022-05-27 15:27:08 -0700
Processing by CatsController#index as HTML
  Rendering cats/index.html.erb within layouts/application
  [1m[36mCat Load (0.5ms)[0m  [1m[34mSELECT "cats".* FROM "cats"[0m
  ↳ app/views/cats/index.html.erb:4
  Rendered cats/_cat.html.erb (0.9ms)
  Rendered cats/_cat.html.erb (0.3ms)
  Rendered cats/_cat.html.erb (0.5ms)
  Rendered cats/index.html.erb within layouts/application (28.7ms)
Completed 200 OK in 68ms (Views: 67.0ms | ActiveRecord: 0.5ms)


Started GET "/cats/1" for ::1 at 2022-05-27 15:27:09 -0700
Processing by CatsController#show as HTML
  Parameters: {"id"=>"1"}
  [1m[36mCat Load (1.6ms)[0m  [1m[34mSELECT  "cats".* FROM "cats" WHERE "cats"."id" = $1 LIMIT $2[0m  [["id", 1], ["LIMIT", 1]]
  ↳ app/controllers/cats_controller.rb:8
  Rendering cats/show.html.erb within layouts/application
  Rendered cats/_cat.html.erb (0.9ms)
  Rendered cats/show.html.erb within layouts/application (4.5ms)
Completed 200 OK in 40ms (Views: 35.5ms | ActiveRecord: 1.6ms)


Started GET "/cats" for 127.0.0.1 at 2022-05-27 15:27:09 -0700
Processing by CatsController#index as HTML
  Rendering cats/index.html.erb within layouts/application
  [1m[36mCat Load (0.6ms)[0m  [1m[34mSELECT "cats".* FROM "cats"[0m
  ↳ app/views/cats/index.html.erb:4
  Rendered cats/_cat.html.erb (1.8ms)
  Rendered cats/_cat.html.erb (0.2ms)
  Rendered cats/_cat.html.erb (0.3ms)
  Rendered cats/index.html.erb within layouts/application (15.9ms)
Completed 200 OK in 60ms (Views: 58.0ms | ActiveRecord: 0.6ms)


Started GET "/cats" for ::1 at 2022-05-27 15:27:10 -0700
Processing by CatsController#index as HTML
  Rendering cats/index.html.erb within layouts/application
  [1m[36mCat Load (0.6ms)[0m  [1m[34mSELECT "cats".* FROM "cats"[0m
  ↳ app/views/cats/index.html.erb:4
  Rendered cats/_cat.html.erb (1.5ms)
  Rendered cats/_cat.html.erb (0.4ms)
  Rendered cats/_cat.html.erb (0.3ms)
  Rendered cats/index.html.erb within layouts/application (16.9ms)
Completed 200 OK in 55ms (Views: 53.6ms | ActiveRecord: 0.6ms)


Started GET "/cats/3" for 127.0.0.1 at 2022-05-27 15:27:10 -0700
Processing by CatsController#show as HTML
  Parameters: {"id"=>"3"}
  [1m[36mCat Load (1.0ms)[0m  [1m[34mSELECT  "cats".* FROM "cats" WHERE "cats"."id" = $1 LIMIT $2[0m  [["id", 3], ["LIMIT", 1]]
  ↳ app/controllers/cats_controller.rb:8
  Rendering cats/show.html.erb within layouts/application
  Rendered cats/_cat.html.erb (0.7ms)
  Rendered cats/show.html.erb within layouts/application (4.2ms)
Completed 200 OK in 50ms (Views: 46.9ms | ActiveRecord: 1.0ms)


Started GET "/cats/1" for ::1 at 2022-05-27 15:27:11 -0700
Processing by CatsController#show as HTML
  Parameters: {"id"=>"1"}
  [1m[36mCat Load (0.7ms)[0m  [1m[34mSELECT  "cats".* FROM "cats" WHERE "cats"."id" = $1 LIMIT $2[0m  [["id", 1], ["LIMIT", 1]]
  ↳ app/controllers/cats_controller.rb:8
  Rendering cats/show.html.erb within layouts/application
  Rendered cats/_cat.html.erb (0.7ms)
  Rendered cats/show.html.erb within layouts/application (5.0ms)
Completed 200 OK in 47ms (Views: 44.8ms | ActiveRecord: 0.7ms)


Started GET "/cats" for 127.0.0.1 at 2022-05-27 15:27:11 -0700
Processing by CatsController#index as HTML
  Rendering cats/index.html.erb within layouts/application
  [1m[36mCat Load (0.5ms)[0m  [1m[34mSELECT "cats".* FROM "cats"[0m
  ↳ app/views/cats/index.html.erb:4
  Rendered cats/_cat.html.erb (3.6ms)
  Rendered cats/_cat.html.erb (0.4ms)
  Rendered cats/_cat.html.erb (0.3ms)
  Rendered cats/index.html.erb within layouts/application (20.8ms)
Completed 200 OK in 54ms (Views: 52.9ms | ActiveRecord: 0.5ms)


Started GET "/cats" for ::1 at 2022-05-27 15:27:13 -0700
Processing by CatsController#index as HTML
  Rendering cats/index.html.erb within layouts/application
  [1m[36mCat Load (0.4ms)[0m  [1m[34mSELECT "cats".* FROM "cats"[0m
  ↳ app/views/cats/index.html.erb:4
  Rendered cats/_cat.html.erb (1.2ms)
  Rendered cats/_cat.html.erb (0.3ms)
  Rendered cats/_cat.html.erb (0.4ms)
  Rendered cats/index.html.erb within layouts/application (23.4ms)
Completed 200 OK in 63ms (Views: 62.2ms | ActiveRecord: 0.4ms)


Started GET "/cats" for 127.0.0.1 at 2022-05-27 15:28:37 -0700
Processing by CatsController#index as HTML
  Rendering cats/index.html.erb within layouts/application
  [1m[36mCat Load (1.1ms)[0m  [1m[34mSELECT "cats".* FROM "cats"[0m
  ↳ app/views/cats/index.html.erb:4
  Rendered cats/_cat.html.erb (1.2ms)
  Rendered cats/_cat.html.erb (0.3ms)
  Rendered cats/_cat.html.erb (0.3ms)
  Rendered cats/index.html.erb within layouts/application (54.1ms)
Started GET "/cats" for ::1 at 2022-05-27 15:28:38 -0700
Processing by CatsController#index as HTML
  Rendering cats/index.html.erb within layouts/application
  [1m[36mCat Load (0.4ms)[0m  [1m[34mSELECT "cats".* FROM "cats"[0m
  ↳ app/views/cats/index.html.erb:4
  Rendered cats/_cat.html.erb (1.1ms)
  Rendered cats/_cat.html.erb (0.4ms)
Completed 200 OK in 347ms (Views: 345.1ms | ActiveRecord: 1.1ms)


  Rendered cats/_cat.html.erb (0.3ms)
  Rendered cats/index.html.erb within layouts/application (97.9ms)
Completed 200 OK in 233ms (Views: 232.4ms | ActiveRecord: 0.4ms)


Started GET "/cats/1" for 127.0.0.1 at 2022-05-27 15:28:40 -0700
Processing by CatsController#show as HTML
  Parameters: {"id"=>"1"}
  [1m[36mCat Load (1.1ms)[0m  [1m[34mSELECT  "cats".* FROM "cats" WHERE "cats"."id" = $1 LIMIT $2[0m  [["id", 1], ["LIMIT", 1]]
  ↳ app/controllers/cats_controller.rb:8
  Rendering cats/show.html.erb within layouts/application
  Rendered cats/_cat.html.erb (1.2ms)
  Rendered cats/show.html.erb within layouts/application (12.3ms)
Completed 200 OK in 192ms (Views: 188.7ms | ActiveRecord: 1.1ms)


Started GET "/cats/1" for ::1 at 2022-05-27 15:28:41 -0700
Processing by CatsController#show as HTML
  Parameters: {"id"=>"1"}
  [1m[36mCat Load (1.5ms)[0m  [1m[34mSELECT  "cats".* FROM "cats" WHERE "cats"."id" = $1 LIMIT $2[0m  [["id", 1], ["LIMIT", 1]]
  ↳ app/controllers/cats_controller.rb:8
  Rendering cats/show.html.erb within layouts/application
  Rendered cats/_cat.html.erb (1.0ms)
  Rendered cats/show.html.erb within layouts/application (5.5ms)
Completed 200 OK in 215ms (Views: 211.8ms | ActiveRecord: 1.5ms)


Started GET "/cats" for 127.0.0.1 at 2022-05-27 15:28:42 -0700
Processing by CatsController#index as HTML
  Rendering cats/index.html.erb within layouts/application
  [1m[36mCat Load (1.1ms)[0m  [1m[34mSELECT "cats".* FROM "cats"[0m
  ↳ app/views/cats/index.html.erb:4
  Rendered cats/_cat.html.erb (1.9ms)
  Rendered cats/_cat.html.erb (0.3ms)
  Rendered cats/_cat.html.erb (0.3ms)
  Rendered cats/index.html.erb within layouts/application (87.2ms)
Completed 200 OK in 307ms (Views: 304.8ms | ActiveRecord: 1.1ms)


Started GET "/cats" for ::1 at 2022-05-27 15:28:43 -0700
Processing by CatsController#index as HTML
  Rendering cats/index.html.erb within layouts/application
  [1m[36mCat Load (0.6ms)[0m  [1m[34mSELECT "cats".* FROM "cats"[0m
  ↳ app/views/cats/index.html.erb:4
  Rendered cats/_cat.html.erb (1.1ms)
  Rendered cats/_cat.html.erb (0.5ms)
  Rendered cats/_cat.html.erb (0.3ms)
  Rendered cats/index.html.erb within layouts/application (15.5ms)
Completed 200 OK in 138ms (Views: 136.8ms | ActiveRecord: 0.6ms)


Started GET "/cats/2" for ::1 at 2022-05-27 15:28:44 -0700
Processing by CatsController#show as HTML
  Parameters: {"id"=>"2"}
  [1m[36mCat Load (1.0ms)[0m  [1m[34mSELECT  "cats".* FROM "cats" WHERE "cats"."id" = $1 LIMIT $2[0m  [["id", 2], ["LIMIT", 1]]
  ↳ app/controllers/cats_controller.rb:8
  Rendering cats/show.html.erb within layouts/application
  Rendered cats/_cat.html.erb (0.9ms)
  Rendered cats/show.html.erb within layouts/application (4.5ms)
Completed 200 OK in 108ms (Views: 105.1ms | ActiveRecord: 1.0ms)


Started GET "/cats" for ::1 at 2022-05-27 15:33:55 -0700
Processing by CatsController#index as HTML
  Rendering cats/index.html.erb within layouts/application
  [1m[36mCat Load (3.3ms)[0m  [1m[34mSELECT "cats".* FROM "cats"[0m
  ↳ app/views/cats/index.html.erb:4
  Rendered cats/_cat.html.erb (1.1ms)
  Rendered cats/_cat.html.erb (0.3ms)
  Rendered cats/_cat.html.erb (0.4ms)
  Rendered cats/index.html.erb within layouts/application (53.1ms)
Completed 200 OK in 125ms (Views: 121.4ms | ActiveRecord: 3.3ms)


Started GET "/cats" for 127.0.0.1 at 2022-05-27 15:34:06 -0700
Processing by CatsController#index as HTML
  Rendering cats/index.html.erb within layouts/application
  [1m[36mCat Load (0.4ms)[0m  [1m[34mSELECT "cats".* FROM "cats"[0m
  ↳ app/views/cats/index.html.erb:4
  Rendered cats/_cat.html.erb (0.8ms)
  Rendered cats/_cat.html.erb (0.3ms)
  Rendered cats/_cat.html.erb (0.3ms)
  Rendered cats/index.html.erb within layouts/application (31.9ms)
Completed 200 OK in 219ms (Views: 217.4ms | ActiveRecord: 0.4ms)


Started GET "/cats" for ::1 at 2022-05-27 15:34:35 -0700
Processing by CatsController#index as HTML
  Rendering cats/index.html.erb within layouts/application
  [1m[36mCat Load (0.8ms)[0m  [1m[34mSELECT "cats".* FROM "cats"[0m
  ↳ app/views/cats/index.html.erb:4
  Rendered cats/_cat.html.erb (2.9ms)
  Rendered cats/_cat.html.erb (0.5ms)
  Rendered cats/_cat.html.erb (0.3ms)
  Rendered cats/index.html.erb within layouts/application (17.2ms)
Completed 200 OK in 56ms (Views: 54.1ms | ActiveRecord: 0.8ms)


Started GET "/cats" for ::1 at 2022-05-27 15:35:48 -0700
Processing by CatsController#index as HTML
  Rendering cats/index.html.erb within layouts/application
  [1m[36mCat Load (2.6ms)[0m  [1m[34mSELECT "cats".* FROM "cats"[0m
  ↳ app/views/cats/index.html.erb:4
  Rendered cats/_cat.html.erb (4.6ms)
  Rendered cats/_cat.html.erb (0.3ms)
  Rendered cats/_cat.html.erb (0.3ms)
  Rendered cats/index.html.erb within layouts/application (27.2ms)
Completed 200 OK in 89ms (Views: 85.0ms | ActiveRecord: 2.6ms)


Started GET "/cats" for 127.0.0.1 at 2022-05-27 15:35:52 -0700
Processing by CatsController#index as HTML
  Rendering cats/index.html.erb within layouts/application
  [1m[36mCat Load (0.3ms)[0m  [1m[34mSELECT "cats".* FROM "cats"[0m
  ↳ app/views/cats/index.html.erb:4
  Rendered cats/_cat.html.erb (2.7ms)
  Rendered cats/_cat.html.erb (0.3ms)
  Rendered cats/_cat.html.erb (0.3ms)
  Rendered cats/index.html.erb within layouts/application (18.8ms)
Completed 200 OK in 61ms (Views: 60.4ms | ActiveRecord: 0.3ms)


Started GET "/cats" for ::1 at 2022-05-27 15:38:09 -0700
Processing by CatsController#index as HTML
  Rendering cats/index.html.erb within layouts/application
  [1m[36mCat Load (0.4ms)[0m  [1m[34mSELECT "cats".* FROM "cats"[0m
  ↳ app/views/cats/index.html.erb:4
  Rendered cats/_cat.html.erb (1.3ms)
  Rendered cats/_cat.html.erb (0.3ms)
  Rendered cats/_cat.html.erb (0.2ms)
  Rendered cats/index.html.erb within layouts/application (20.5ms)
Completed 200 OK in 81ms (Views: 79.7ms | ActiveRecord: 0.4ms)


Started GET "/cats" for 127.0.0.1 at 2022-05-27 15:38:10 -0700
Processing by CatsController#index as HTML
  Rendering cats/index.html.erb within layouts/application
  [1m[36mCat Load (0.4ms)[0m  [1m[34mSELECT "cats".* FROM "cats"[0m
  ↳ app/views/cats/index.html.erb:4
  Rendered cats/_cat.html.erb (2.7ms)
  Rendered cats/_cat.html.erb (0.2ms)
  Rendered cats/_cat.html.erb (0.5ms)
  Rendered cats/index.html.erb within layouts/application (14.0ms)
Completed 200 OK in 154ms (Views: 152.8ms | ActiveRecord: 0.4ms)


Started GET "/cats" for 127.0.0.1 at 2022-05-27 15:38:34 -0700
Processing by CatsController#index as HTML
  Rendering cats/index.html.erb within layouts/application
  [1m[36mCat Load (0.9ms)[0m  [1m[34mSELECT "cats".* FROM "cats"[0m
  ↳ app/views/cats/index.html.erb:4
  Rendered cats/_cat.html.erb (2.1ms)
  Rendered cats/_cat.html.erb (0.3ms)
  Rendered cats/_cat.html.erb (1.2ms)
  Rendered cats/index.html.erb within layouts/application (16.9ms)
Completed 200 OK in 285ms (Views: 282.2ms | ActiveRecord: 0.9ms)


Started GET "/cats" for ::1 at 2022-05-27 15:38:34 -0700
Processing by CatsController#index as HTML
  Rendering cats/index.html.erb within layouts/application
  [1m[36mCat Load (0.4ms)[0m  [1m[34mSELECT "cats".* FROM "cats"[0m
  ↳ app/views/cats/index.html.erb:4
  Rendered cats/_cat.html.erb (1.6ms)
  Rendered cats/_cat.html.erb (0.3ms)
  Rendered cats/_cat.html.erb (0.4ms)
  Rendered cats/index.html.erb within layouts/application (45.1ms)
Completed 200 OK in 167ms (Views: 165.6ms | ActiveRecord: 0.4ms)


Started GET "/cats" for ::1 at 2022-05-27 15:39:08 -0700
Processing by CatsController#index as HTML
  Rendering cats/index.html.erb within layouts/application
  [1m[36mCat Load (0.8ms)[0m  [1m[34mSELECT "cats".* FROM "cats"[0m
  ↳ app/views/cats/index.html.erb:4
  Rendered cats/_cat.html.erb (1.2ms)
  Rendered cats/_cat.html.erb (0.3ms)
  Rendered cats/_cat.html.erb (0.3ms)
  Rendered cats/index.html.erb within layouts/application (13.3ms)
Completed 200 OK in 204ms (Views: 202.4ms | ActiveRecord: 0.8ms)


Started GET "/cats" for 127.0.0.1 at 2022-05-27 15:39:20 -0700
Processing by CatsController#index as HTML
  Rendering cats/index.html.erb within layouts/application
  [1m[36mCat Load (0.7ms)[0m  [1m[34mSELECT "cats".* FROM "cats"[0m
  ↳ app/views/cats/index.html.erb:4
  Rendered cats/_cat.html.erb (1.1ms)
  Rendered cats/_cat.html.erb (0.3ms)
  Rendered cats/_cat.html.erb (0.4ms)
  Rendered cats/index.html.erb within layouts/application (74.6ms)
Completed 200 OK in 126ms (Views: 124.1ms | ActiveRecord: 0.7ms)


Started GET "/cats/1" for ::1 at 2022-05-27 15:51:03 -0700
Processing by CatsController#show as HTML
  Parameters: {"id"=>"1"}
  [1m[36mCat Load (2.3ms)[0m  [1m[34mSELECT  "cats".* FROM "cats" WHERE "cats"."id" = $1 LIMIT $2[0m  [["id", 1], ["LIMIT", 1]]
  ↳ app/controllers/cats_controller.rb:8
  Rendering cats/show.html.erb within layouts/application
  Rendered cats/_cat.html.erb (3.8ms)
  Rendered cats/show.html.erb within layouts/application (10.4ms)
Completed 200 OK in 194ms (Views: 180.3ms | ActiveRecord: 2.6ms)


Started GET "/cats" for ::1 at 2022-05-27 15:51:12 -0700
Processing by CatsController#index as HTML
  Rendering cats/index.html.erb within layouts/application
  [1m[36mCat Load (1.0ms)[0m  [1m[34mSELECT "cats".* FROM "cats"[0m
  ↳ app/views/cats/index.html.erb:4
  Rendered cats/_cat.html.erb (1.3ms)
  Rendered cats/_cat.html.erb (0.3ms)
  Rendered cats/_cat.html.erb (0.2ms)
  Rendered cats/index.html.erb within layouts/application (35.5ms)
Completed 200 OK in 79ms (Views: 77.2ms | ActiveRecord: 1.0ms)


Started GET "/cats/2" for ::1 at 2022-05-27 15:51:15 -0700
Processing by CatsController#show as HTML
  Parameters: {"id"=>"2"}
  [1m[36mCat Load (2.0ms)[0m  [1m[34mSELECT  "cats".* FROM "cats" WHERE "cats"."id" = $1 LIMIT $2[0m  [["id", 2], ["LIMIT", 1]]
  ↳ app/controllers/cats_controller.rb:8
  Rendering cats/show.html.erb within layouts/application
  Rendered cats/_cat.html.erb (1.4ms)
  Rendered cats/show.html.erb within layouts/application (6.4ms)
Completed 200 OK in 48ms (Views: 42.4ms | ActiveRecord: 2.0ms)


Started GET "/cats" for ::1 at 2022-05-27 16:29:24 -0700
Processing by CatsController#index as HTML
  Rendering cats/index.html.erb within layouts/application
  [1m[36mCat Load (1.7ms)[0m  [1m[34mSELECT "cats".* FROM "cats"[0m
  ↳ app/views/cats/index.html.erb:4
  Rendered cats/_cat.html.erb (22.6ms)
  Rendered cats/_cat.html.erb (0.3ms)
  Rendered cats/_cat.html.erb (0.3ms)
  Rendered cats/index.html.erb within layouts/application (217.5ms)
Completed 200 OK in 767ms (Views: 743.5ms | ActiveRecord: 1.7ms)


Started GET "/cats" for 127.0.0.1 at 2022-05-27 16:29:31 -0700
Processing by CatsController#index as HTML
  Rendering cats/index.html.erb within layouts/application
  [1m[36mCat Load (0.5ms)[0m  [1m[34mSELECT "cats".* FROM "cats"[0m
  ↳ app/views/cats/index.html.erb:4
  Rendered cats/_cat.html.erb (2.9ms)
  Rendered cats/_cat.html.erb (0.3ms)
  Rendered cats/_cat.html.erb (0.7ms)
  Rendered cats/index.html.erb within layouts/application (28.5ms)
Started GET "/cats/new" for ::1 at 2022-05-27 16:29:31 -0700
Processing by CatsController#show as HTML
  Parameters: {"id"=>"new"}
  [1m[36mCat Load (0.8ms)[0m  [1m[34mSELECT  "cats".* FROM "cats" WHERE "cats"."id" = $1 LIMIT $2[0m  [["id", 0], ["LIMIT", 1]]
  ↳ app/controllers/cats_controller.rb:8
  Rendering cats/show.html.erb within layouts/application
  Rendered cats/_cat.html.erb (71.1ms)
  Rendered cats/show.html.erb within layouts/application (78.8ms)
Completed 500 Internal Server Error in 107ms (ActiveRecord: 1.1ms)



NoMethodError - undefined method `name' for nil:NilClass:
  app/views/cats/_cat.html.erb:11:in `_app_views_cats__cat_html_erb__1587807414195623577_70183323526720'
  app/views/cats/show.html.erb:1:in `_app_views_cats_show_html_erb___2221665157829697155_70183323595040'
  app/controllers/cats_controller.rb:9:in `show'

Completed 200 OK in 750ms (Views: 748.7ms | ActiveRecord: 0.5ms)


Started POST "/__better_errors/26533edc1ca7465b/variables" for ::1 at 2022-05-27 16:29:33 -0700
Started GET "/cats/new" for 127.0.0.1 at 2022-05-27 16:29:39 -0700
Processing by CatsController#show as HTML
  Parameters: {"id"=>"new"}
  [1m[36mCat Load (2.2ms)[0m  [1m[34mSELECT  "cats".* FROM "cats" WHERE "cats"."id" = $1 LIMIT $2[0m  [["id", 0], ["LIMIT", 1]]
  ↳ app/controllers/cats_controller.rb:8
  Rendering cats/show.html.erb within layouts/application
  Rendered cats/_cat.html.erb (11.8ms)
  Rendered cats/show.html.erb within layouts/application (19.2ms)
Completed 500 Internal Server Error in 32ms (ActiveRecord: 2.2ms)



NoMethodError - undefined method `name' for nil:NilClass:
  app/views/cats/_cat.html.erb:11:in `_app_views_cats__cat_html_erb__1587807414195623577_70183324872480'
  app/views/cats/show.html.erb:1:in `_app_views_cats_show_html_erb___2221665157829697155_70183324908060'
  app/controllers/cats_controller.rb:9:in `show'

Started POST "/__better_errors/5a9a75f2e66554bb/variables" for 127.0.0.1 at 2022-05-27 16:29:39 -0700
Started POST "/__better_errors/5a9a75f2e66554bb/variables" for 127.0.0.1 at 2022-05-27 16:31:23 -0700
Started GET "/cats/new" for 127.0.0.1 at 2022-05-27 16:32:54 -0700
Processing by CatsController#show as HTML
  Parameters: {"id"=>"new"}
  [1m[36mCat Load (1.5ms)[0m  [1m[34mSELECT  "cats".* FROM "cats" WHERE "cats"."id" = $1 LIMIT $2[0m  [["id", 0], ["LIMIT", 1]]
  ↳ app/controllers/cats_controller.rb:8
  Rendering cats/show.html.erb within layouts/application
Started GET "/cats/new" for ::1 at 2022-05-27 16:32:54 -0700
Processing by CatsController#show as HTML
  Parameters: {"id"=>"new"}
  [1m[36mCat Load (0.4ms)[0m  [1m[34mSELECT  "cats".* FROM "cats" WHERE "cats"."id" = $1 LIMIT $2[0m  [["id", 0], ["LIMIT", 1]]
  ↳ app/controllers/cats_controller.rb:8
  Rendering cats/show.html.erb within layouts/application
  Rendered cats/show.html.erb within layouts/application (4300.9ms)
Completed 500 Internal Server Error in 4320ms (ActiveRecord: 0.7ms)


  Rendered cats/show.html.erb within layouts/application (4691.4ms)
Completed 500 Internal Server Error in 4712ms (ActiveRecord: 1.5ms)



NameError - undefined local variable or method `cat' for #<#<Class:0x00007fa9a5c91890>:0x00007fa9a850e700>
Did you mean?  @cat:
  app/views/cats/show.html.erb:1:in `_app_views_cats_show_html_erb___2221665157829697155_70183325034920'
  app/controllers/cats_controller.rb:9:in `show'


NameError - undefined local variable or method `cat' for #<#<Class:0x00007fa9a5c91890>:0x00007fa9a2c41550>
Did you mean?  @cat:
  app/views/cats/show.html.erb:1:in `_app_views_cats_show_html_erb___2221665157829697155_70183324794680'
  app/controllers/cats_controller.rb:9:in `show'

Started POST "/__better_errors/90a9844563bf834f/variables" for 127.0.0.1 at 2022-05-27 16:33:02 -0700
Started POST "/__better_errors/2b684a3e82202fb6/variables" for ::1 at 2022-05-27 16:33:02 -0700
Started GET "/cats" for ::1 at 2022-05-27 16:33:03 -0700
Processing by CatsController#index as HTML
  Rendering cats/index.html.erb within layouts/application
  [1m[36mCat Load (0.5ms)[0m  [1m[34mSELECT "cats".* FROM "cats"[0m
  ↳ app/views/cats/index.html.erb:4
  Rendered cats/_cat.html.erb (1.4ms)
  Rendered cats/_cat.html.erb (0.3ms)
  Rendered cats/_cat.html.erb (0.3ms)
  Rendered cats/index.html.erb within layouts/application (22.3ms)
Completed 200 OK in 123ms (Views: 121.1ms | ActiveRecord: 0.5ms)


Started GET "/cats/new" for 127.0.0.1 at 2022-05-27 16:33:08 -0700
Processing by CatsController#show as HTML
  Parameters: {"id"=>"new"}
  [1m[36mCat Load (0.7ms)[0m  [1m[34mSELECT  "cats".* FROM "cats" WHERE "cats"."id" = $1 LIMIT $2[0m  [["id", 0], ["LIMIT", 1]]
  ↳ app/controllers/cats_controller.rb:8
  Rendering cats/show.html.erb within layouts/application
Started GET "/cats/new" for ::1 at 2022-05-27 16:33:10 -0700
Processing by CatsController#show as HTML
  Parameters: {"id"=>"new"}
  [1m[36mCat Load (1.1ms)[0m  [1m[34mSELECT  "cats".* FROM "cats" WHERE "cats"."id" = $1 LIMIT $2[0m  [["id", 0], ["LIMIT", 1]]
  ↳ app/controllers/cats_controller.rb:8
  Rendering cats/show.html.erb within layouts/application
  Rendered cats/show.html.erb within layouts/application (2593.3ms)
Completed 500 Internal Server Error in 2659ms (ActiveRecord: 0.7ms)


  Rendered cats/show.html.erb within layouts/application (3653.1ms)
Completed 500 Internal Server Error in 3749ms (ActiveRecord: 1.1ms)



NameError - undefined local variable or method `cat' for #<#<Class:0x00007fa9a5c91890>:0x00007fa9a2c838d8>
Did you mean?  @cat:
  app/views/cats/show.html.erb:1:in `_app_views_cats_show_html_erb___2221665157829697155_70183278612420'
  app/controllers/cats_controller.rb:9:in `show'

Started POST "/__better_errors/2842c224a5b677de/variables" for 127.0.0.1 at 2022-05-27 16:33:15 -0700

NameError - undefined local variable or method `cat' for #<#<Class:0x00007fa9a5c91890>:0x00007fa9a29ca448>
Did you mean?  @cat:
  app/views/cats/show.html.erb:1:in `_app_views_cats_show_html_erb___2221665157829697155_70183266642360'
  app/controllers/cats_controller.rb:9:in `show'

Started POST "/__better_errors/3ebb86d34ecb1912/variables" for ::1 at 2022-05-27 16:33:19 -0700
Started GET "/cats/new" for 127.0.0.1 at 2022-05-27 16:33:20 -0700
Processing by CatsController#show as HTML
  Parameters: {"id"=>"new"}
  [1m[36mCat Load (0.7ms)[0m  [1m[34mSELECT  "cats".* FROM "cats" WHERE "cats"."id" = $1 LIMIT $2[0m  [["id", 0], ["LIMIT", 1]]
  ↳ app/controllers/cats_controller.rb:8
  Rendering cats/show.html.erb within layouts/application
  Rendered cats/show.html.erb within layouts/application (3191.0ms)
Completed 500 Internal Server Error in 3207ms (ActiveRecord: 0.7ms)



NameError - undefined local variable or method `cat' for #<#<Class:0x00007fa9a5c91890>:0x00007fa9a23bdbe0>
Did you mean?  @cat:
  app/views/cats/show.html.erb:1:in `_app_views_cats_show_html_erb___2221665157829697155_70183273990080'
  app/controllers/cats_controller.rb:9:in `show'

Started POST "/__better_errors/3f158a7a8646f99f/variables" for 127.0.0.1 at 2022-05-27 16:33:26 -0700
Started GET "/cats/new" for 127.0.0.1 at 2022-05-27 16:33:38 -0700
Processing by CatsController#show as HTML
  Parameters: {"id"=>"new"}
  [1m[36mCat Load (0.7ms)[0m  [1m[34mSELECT  "cats".* FROM "cats" WHERE "cats"."id" = $1 LIMIT $2[0m  [["id", 0], ["LIMIT", 1]]
  ↳ app/controllers/cats_controller.rb:8
  Rendering cats/show.html.erb within layouts/application
  Rendered cats/show.html.erb within layouts/application (3227.8ms)
Completed 500 Internal Server Error in 3243ms (ActiveRecord: 0.7ms)



NameError - undefined local variable or method `cat' for #<#<Class:0x00007fa9a5c91890>:0x00007fa9a24c07b8>
Did you mean?  @cat:
  app/views/cats/show.html.erb:1:in `_app_views_cats_show_html_erb___2221665157829697155_70183274534420'
  app/controllers/cats_controller.rb:9:in `show'

Started POST "/__better_errors/ddcb580b224ad2cc/variables" for 127.0.0.1 at 2022-05-27 16:33:43 -0700
Started GET "/cats/new" for ::1 at 2022-05-27 16:34:10 -0700
Processing by CatsController#show as HTML
  Parameters: {"id"=>"new"}
  [1m[36mCat Load (0.9ms)[0m  [1m[34mSELECT  "cats".* FROM "cats" WHERE "cats"."id" = $1 LIMIT $2[0m  [["id", 0], ["LIMIT", 1]]
  ↳ app/controllers/cats_controller.rb:8
  Rendering cats/show.html.erb within layouts/application
  Rendered cats/show.html.erb within layouts/application (3017.0ms)
Completed 500 Internal Server Error in 3032ms (ActiveRecord: 0.9ms)



NameError - undefined local variable or method `cat' for #<#<Class:0x00007fa9a5c91890>:0x00007fa9a80e9300>
Did you mean?  @cat:
  app/views/cats/show.html.erb:1:in `_app_views_cats_show_html_erb___2221665157829697155_70183273806780'
  app/controllers/cats_controller.rb:9:in `show'

Started POST "/__better_errors/cf018e3e6ff18aa9/variables" for ::1 at 2022-05-27 16:34:16 -0700
Started GET "/cats/new" for ::1 at 2022-05-27 16:34:30 -0700
Processing by CatsController#show as HTML
  Parameters: {"id"=>"new"}
  [1m[36mCat Load (1.0ms)[0m  [1m[34mSELECT  "cats".* FROM "cats" WHERE "cats"."id" = $1 LIMIT $2[0m  [["id", 0], ["LIMIT", 1]]
  ↳ app/controllers/cats_controller.rb:8
  Rendering cats/show.html.erb within layouts/application
  Rendered cats/_cat.html.erb (10.2ms)
  Rendered cats/show.html.erb within layouts/application (25.3ms)
Completed 500 Internal Server Error in 45ms (ActiveRecord: 1.0ms)



NoMethodError - undefined method `name' for nil:NilClass:
  app/views/cats/_cat.html.erb:11:in `_app_views_cats__cat_html_erb__1587807414195623577_70183324907240'
  app/views/cats/show.html.erb:1:in `_app_views_cats_show_html_erb___2221665157829697155_70183274500240'
  app/controllers/cats_controller.rb:9:in `show'

Started POST "/__better_errors/d554c63fa2cb5c2e/variables" for ::1 at 2022-05-27 16:34:30 -0700
Started GET "/cats/new" for 127.0.0.1 at 2022-05-27 16:34:31 -0700
Processing by CatsController#show as HTML
  Parameters: {"id"=>"new"}
  [1m[36mCat Load (0.5ms)[0m  [1m[34mSELECT  "cats".* FROM "cats" WHERE "cats"."id" = $1 LIMIT $2[0m  [["id", 0], ["LIMIT", 1]]
  ↳ app/controllers/cats_controller.rb:8
  Rendering cats/show.html.erb within layouts/application
  Rendered cats/_cat.html.erb (6.2ms)
  Rendered cats/show.html.erb within layouts/application (13.1ms)
Completed 500 Internal Server Error in 27ms (ActiveRecord: 0.5ms)



NoMethodError - undefined method `name' for nil:NilClass:
  app/views/cats/_cat.html.erb:11:in `_app_views_cats__cat_html_erb__1587807414195623577_70183301725920'
  app/views/cats/show.html.erb:1:in `_app_views_cats_show_html_erb___2221665157829697155_70183272932660'
  app/controllers/cats_controller.rb:9:in `show'

Started POST "/__better_errors/9604326c9a17d11d/variables" for 127.0.0.1 at 2022-05-27 16:34:32 -0700
Started POST "/__better_errors/9604326c9a17d11d/variables" for 127.0.0.1 at 2022-05-27 16:34:37 -0700
Started GET "/cats" for 127.0.0.1 at 2022-05-27 16:35:05 -0700
Processing by CatsController#index as HTML
  Rendering cats/index.html.erb within layouts/application
  [1m[36mCat Load (0.5ms)[0m  [1m[34mSELECT "cats".* FROM "cats"[0m
  ↳ app/views/cats/index.html.erb:4
  Rendered cats/_cat.html.erb (1.1ms)
  Rendered cats/_cat.html.erb (0.5ms)
  Rendered cats/_cat.html.erb (0.4ms)
  Rendered cats/index.html.erb within layouts/application (16.0ms)
Completed 200 OK in 88ms (Views: 86.1ms | ActiveRecord: 0.5ms)


Started GET "/cats" for ::1 at 2022-05-27 16:39:23 -0700
Processing by CatsController#index as HTML
  Rendering cats/index.html.erb within layouts/application
  [1m[36mCat Load (1.0ms)[0m  [1m[34mSELECT "cats".* FROM "cats"[0m
  ↳ app/views/cats/index.html.erb:4
  Rendered cats/_cat.html.erb (1.8ms)
  Rendered cats/_cat.html.erb (0.9ms)
  Rendered cats/_cat.html.erb (0.3ms)
  Rendered cats/index.html.erb within layouts/application (198.1ms)
Completed 200 OK in 281ms (Views: 121.2ms | ActiveRecord: 146.0ms)


Started GET "/cats/ne" for ::1 at 2022-05-27 16:39:31 -0700
Processing by CatsController#show as HTML
  Parameters: {"id"=>"ne"}
  [1m[36mCat Load (0.4ms)[0m  [1m[34mSELECT  "cats".* FROM "cats" WHERE "cats"."id" = $1 LIMIT $2[0m  [["id", 0], ["LIMIT", 1]]
  ↳ app/controllers/cats_controller.rb:8
  Rendering cats/show.html.erb within layouts/application
  Rendered cats/_cat.html.erb (11.3ms)
  Rendered cats/show.html.erb within layouts/application (18.3ms)
Completed 500 Internal Server Error in 47ms (ActiveRecord: 0.4ms)



NoMethodError - undefined method `name' for nil:NilClass:
  app/views/cats/_cat.html.erb:11:in `_app_views_cats__cat_html_erb__1587807414195623577_70183278862200'
  app/views/cats/show.html.erb:1:in `_app_views_cats_show_html_erb___2221665157829697155_70183335832380'
  app/controllers/cats_controller.rb:9:in `show'

Started POST "/__better_errors/ea45b7b72ac6d1b1/variables" for ::1 at 2022-05-27 16:39:31 -0700
Started GET "/cats/new" for ::1 at 2022-05-27 16:39:34 -0700
Processing by CatsController#new as HTML
  Rendering cats/new.html.erb within layouts/application
  Rendered cats/new.html.erb within layouts/application (0.8ms)
Completed 200 OK in 49ms (Views: 46.6ms | ActiveRecord: 0.0ms)


Started GET "/cats/new" for ::1 at 2022-05-27 16:42:30 -0700
Processing by CatsController#new as HTML
  Rendering cats/new.html.erb within layouts/application
  Rendered cats/new.html.erb within layouts/application (6.1ms)
Completed 200 OK in 1314ms (Views: 1188.9ms | ActiveRecord: 0.0ms)


Started GET "/cats/new" for 127.0.0.1 at 2022-05-27 16:42:39 -0700
Processing by CatsController#new as HTML
  Rendering cats/new.html.erb within layouts/application
  Rendered cats/new.html.erb within layouts/application (1.4ms)
Completed 200 OK in 50ms (Views: 48.8ms | ActiveRecord: 0.0ms)


Started GET "/cats/new" for ::1 at 2022-05-27 16:44:08 -0700
Processing by CatsController#new as HTML
  Rendering cats/new.html.erb within layouts/application
  Rendered cats/new.html.erb within layouts/application (4.6ms)
Completed 200 OK in 252ms (Views: 251.5ms | ActiveRecord: 0.0ms)


Started GET "/cats/new" for 127.0.0.1 at 2022-05-27 16:44:36 -0700
Processing by CatsController#new as HTML
  Rendering cats/new.html.erb within layouts/application
  Rendered cats/new.html.erb within layouts/application (3.9ms)
Completed 200 OK in 627ms (Views: 621.2ms | ActiveRecord: 0.0ms)


Started GET "/cats/new" for ::1 at 2022-05-27 16:46:35 -0700
Processing by CatsController#new as HTML
  Rendering cats/new.html.erb within layouts/application
  Rendered cats/new.html.erb within layouts/application (1.7ms)
Completed 200 OK in 57ms (Views: 56.0ms | ActiveRecord: 0.0ms)


Started GET "/cats/new" for ::1 at 2022-05-27 16:46:46 -0700
Processing by CatsController#new as HTML
  Rendering cats/new.html.erb within layouts/application
  Rendered cats/new.html.erb within layouts/application (0.8ms)
Completed 200 OK in 59ms (Views: 58.3ms | ActiveRecord: 0.0ms)


Started GET "/cats/new" for ::1 at 2022-05-27 16:46:53 -0700
Processing by CatsController#new as HTML
  Rendering cats/new.html.erb within layouts/application
  Rendered cats/new.html.erb within layouts/application (0.7ms)
Completed 200 OK in 47ms (Views: 46.1ms | ActiveRecord: 0.0ms)


Started GET "/cats/new" for 127.0.0.1 at 2022-05-27 16:46:56 -0700
Processing by CatsController#new as HTML
  Rendering cats/new.html.erb within layouts/application
  Rendered cats/new.html.erb within layouts/application (9.4ms)
Completed 200 OK in 55ms (Views: 54.0ms | ActiveRecord: 0.0ms)


Started GET "/cats/new" for 127.0.0.1 at 2022-05-27 16:47:17 -0700
Processing by CatsController#new as HTML
  Rendering cats/new.html.erb within layouts/application
  Rendered cats/new.html.erb within layouts/application (1.0ms)
Completed 200 OK in 55ms (Views: 53.7ms | ActiveRecord: 0.0ms)


Started GET "/cats/new" for ::1 at 2022-05-27 16:48:20 -0700
Processing by CatsController#new as HTML
  Rendering cats/new.html.erb within layouts/application
  Rendered cats/new.html.erb within layouts/application (1.7ms)
Completed 200 OK in 55ms (Views: 54.4ms | ActiveRecord: 0.0ms)


Started GET "/cats/new" for 127.0.0.1 at 2022-05-27 16:48:21 -0700
Processing by CatsController#new as HTML
  Rendering cats/new.html.erb within layouts/application
  Rendered cats/new.html.erb within layouts/application (1.6ms)
Completed 200 OK in 229ms (Views: 228.3ms | ActiveRecord: 0.0ms)


Started GET "/cats/new" for 127.0.0.1 at 2022-05-27 16:48:51 -0700
Processing by CatsController#new as HTML
  Rendering cats/new.html.erb within layouts/application
  Rendered cats/new.html.erb within layouts/application (1.8ms)
Completed 200 OK in 63ms (Views: 61.6ms | ActiveRecord: 0.0ms)


Started GET "/cats/new" for ::1 at 2022-05-27 16:48:53 -0700
Processing by CatsController#new as HTML
  Rendering cats/new.html.erb within layouts/application
  Rendered cats/new.html.erb within layouts/application (2.3ms)
Completed 200 OK in 124ms (Views: 122.5ms | ActiveRecord: 0.0ms)


Started GET "/cats/new" for ::1 at 2022-05-27 16:50:05 -0700
Processing by CatsController#new as HTML
  Rendering cats/new.html.erb within layouts/application
  Rendered cats/new.html.erb within layouts/application (1.2ms)
Completed 200 OK in 138ms (Views: 135.1ms | ActiveRecord: 0.0ms)


Started GET "/cats/new" for 127.0.0.1 at 2022-05-27 16:50:08 -0700
Processing by CatsController#new as HTML
  Rendering cats/new.html.erb within layouts/application
  Rendered cats/new.html.erb within layouts/application (1.3ms)
Completed 200 OK in 46ms (Views: 44.9ms | ActiveRecord: 0.0ms)


Started GET "/cats?cat%5Bname%5D=&cat%5Bage%5D=" for ::1 at 2022-05-27 16:50:08 -0700
Processing by CatsController#index as HTML
  Parameters: {"cat"=>{"name"=>"", "age"=>""}}
  Rendering cats/index.html.erb within layouts/application
  [1m[36mCat Load (1.3ms)[0m  [1m[34mSELECT "cats".* FROM "cats"[0m
  ↳ app/views/cats/index.html.erb:4
  Rendered cats/_cat.html.erb (0.9ms)
  Rendered cats/_cat.html.erb (0.4ms)
  Rendered cats/_cat.html.erb (1.3ms)
  Rendered cats/index.html.erb within layouts/application (55.5ms)
Completed 200 OK in 286ms (Views: 284.0ms | ActiveRecord: 1.3ms)


Started GET "/cats/new" for ::1 at 2022-05-27 16:51:17 -0700
Processing by CatsController#new as HTML
  Rendering cats/new.html.erb within layouts/application
  Rendered cats/new.html.erb within layouts/application (2.7ms)
Completed 200 OK in 59ms (Views: 58.0ms | ActiveRecord: 0.0ms)


Started GET "/cats/new" for 127.0.0.1 at 2022-05-27 16:51:21 -0700
Processing by CatsController#new as HTML
  Rendering cats/new.html.erb within layouts/application
  Rendered cats/new.html.erb within layouts/application (0.5ms)
Completed 200 OK in 46ms (Views: 45.4ms | ActiveRecord: 0.0ms)


